[start] 2026-07-01T12:19:06+02:00 DISPLAY=:99
[run 1] 2026-07-01T12:19:06+02:00
{
  "status": "error",
  "record": {
    "at": "2026-07-01T12:20:24+02:00",
    "genre": "Thieu-Nhi",
    "album": "Thieu Nhi Vol.1 - Vuon Nhac Tuoi Tho",
    "title": "Thieu-Nhi Bí Mật 2 2",
    "idea_seed": {},
    "command": [
      "/root/.openclaw/workspace/suno-automato-cli/scripts/suno-lib.sh",
      "generate",
      "--genre",
      "Thieu-Nhi",
      "--title",
      "Thieu-Nhi Bí Mật 2 2",
      "--tags",
      "Hyper-realistic Vietnamese Thieu-Nhi fusion, 100 BPM distinctive groove, expressive lead vocal, memorable hook, detailed drums and bass, signature instrumental motif, polished master, emotional arc, with a catchy vocal hook (earworm) as the central memorable hook",
      "--exclude",
      "generic stock loop, karaoke backing track, muddy mix, weak hook",
      "--weirdness",
      "62",
      "--style-influence",
      "86",
      "--lyrics-file",
      "/root/.openclaw/workspace/suno-automato-cli/suno-library/_batch-lyrics/Thieu-Nhi_03_Thieu-Nhi_Bí_Mật_2_2.txt",
      "--album",
      "Thieu Nhi Vol.1 - Vuon Nhac Tuoi Tho",
      "--wait",
      "--download"
    ],
    "exit_code": 2,
    "stdout_tail": "/root/.openclaw/workspace/suno-automato-cli/suno-library/Thieu-Nhi/2026-07-01_Thieu-Nhi-Bi-Mat-2-2\n",
    "stderr_tail": "[suno-safe] creation command may spend credits: generate\nSolving hCaptcha via piloted Chrome...\n{\n  \"version\": \"1\",\n  \"status\": \"error\",\n  \"error\": {\n    \"code\": \"config_error\",\n    \"message\": \"Configuration error: hcaptcha never finished loading on suno.com/create (page=https://suno.com/create; body=Failed to verify your browser  Code 11  Vercel Security Checkpoint  |  sin1::1782901193-gNaHPW5ag5rpGxN1ViuuKgiBQsLNnZYC)\",\n    \"suggestion\": \"Check `suno config check` for configuration issues\"\n  }\n}\n",
    "diagnostic_exit_code": 0,
    "diagnostic_stdout": "{\"ok\": true, \"screenshot\": \"/root/.openclaw/workspace/suno-automato-cli/suno-library/_diagnostics/suno-fail-20260701-122025.png\", \"text\": \"/root/.openclaw/workspace/suno-automato-cli/suno-library/_diagnostics/suno-fail-20260701-122025.txt\", \"url\": \"https://suno.com/create\"}\n",
    "diagnostic_stderr": ""
  },
  "next_genre": 15,
  "next_job": 3,
  "done": false
}
[run 1] runner rc=2
{"albums": 20, "tracks": 102}
{
  "ok": true,
  "albums": [
    {
      "name": "Ballad Vol.1 - Thu Chua Tan",
      "playlist_id": "50f7cca7-fa3a-48ab-b39c-69db29c96c87",
      "created": false,
      "local_tracks": 8,
      "added": 0,
      "result": {
        "skipped": "no_new_clips"
      }
    },
    {
      "name": "Bolero Vol.1 - Dem Mua Sai Gon",
      "playlist_id": "33b426bf-fee5-4bb5-a494-4094e2fb9048",
      "created": false,
      "local_tracks": 2,
      "added": 0,
      "result": {
        "skipped": "no_new_clips"
      }
    },
    {
      "name": "Cai Luong Vol.1 - San Khau Nam Bo",
      "playlist_id": "fd3428bf-d21b-4a14-b23a-c984068494f1",
      "created": false,
      "local_tracks": 10,
      "added": 0,
      "result": {
        "skipped": "no_new_clips"
      }
    },
    {
      "name": "Cinematic MaxMax Vol.1",
      "playlist_id": "7cea07a6-ab06-40a2-8237-e85dfe1efc2d",
      "created": false,
      "local_tracks": 14,
      "added": 2,
      "result": {
        "ok": true
      }
    },
    {
      "name": "Cinematic MaxMax Vol.1 - Ultra Trailer",
      "playlist_id": "7124e804-0838-4b73-a8b9-1fc6ac91197d",
      "created": false,
      "local_tracks": 0,
      "added": 0,
      "result": {
        "skipped": "no_new_clips"
      }
    },
    {
      "name": "Cinematic Vol.1 - De Che Sao Bang",
      "playlist_id": "29d6e148-9bde-4bad-b0d8-f036493bf6f9",
      "created": false,
      "local_tracks": 6,
      "added": 0,
      "result": {
        "skipped": "no_new_clips"
      }
    },
    {
      "name": "EDM Vol.1 - Dien Quang Tam Thuc",
      "playlist_id": "cbe0261f-0b2a-4f35-9bf6-c038770c17f9",
      "created": false,
      "local_tracks": 8,
      "added": 0,
      "result": {
        "skipped": "no_new_clips"
      }
    },
    {
      "name": "Experimental Vol.1 - May Moc Nam Mo",
      "playlist_id": "d19c9c77-5e69-439f-9bd0-d0bc3ee61696",
      "created": false,
      "local_tracks": 2,
      "added": 0,
      "result": {
        "skipped": "no_new_clips"
      }
    },
    {
      "name": "Instrumental Vol.1 - Khong Loi",
      "playlist_id": "6923b7b6-34ce-47f1-ba85-5557e59ea192",
      "created": false,
      "local_tracks": 8,
      "added": 0,
      "result": {
        "skipped": "no_new_clips"
      }
    },
    {
      "name": "Lofi Vol.1 - Tra Nong Va Mua Nho",
      "playlist_id": "5504a400-025e-47bf-9758-113d601946cc",
      "created": false,
      "local_tracks": 8,
      "added": 0,
      "result": {
        "skipped": "no_new_clips"
      }
    },
    {
      "name": "Opera Vol.1 - Nha Hat Anh Trang",
      "playlist_id": "490430ca-da07-4881-9cad-52b86ccda96c",
      "created": false,
      "local_tracks": 8,
      "added": 0,
      "result": {
        "skipped": "no_new_clips"
      }
    },
    {
      "name": "Phat Phap Vol.1 - Ke Sang Trong Dem",
      "playlist_id": "9ad244c2-9751-4dc6-88be-04f957c83417",
      "created": false,
      "local_tracks": 4,
      "added": 0,
      "result": {
        "skipped": "no_new_clips"
      }
    },
    {
      "name": "Pop Vol.1 - Neon Va Hoa Sua",
      "playlist_id": "245ed8d1-04a3-4e85-a55b-33c5785bd99d",
      "created": false,
      "local_tracks": 8,
      "added": 0,
      "result": {
        "skipped": "no_new_clips"
      }
    },
    {
      "name": "Rap Vol.1 - Thanh Pho Noi Tam",
      "playlist_id": "87bfa781-b994-46ff-84f9-be925785f173",
      "created": false,
      "local_tracks": 8,
      "added": 0,
      "result": {
        "skipped": "no_new_clips"
      }
    },
    {
      "name": "Relax Sleep Vol.1 - Dem Mem",
      "playlist_id": "12b5c813-7995-4216-9b13-079ed02b7806",
      "created": false,
      "local_tracks": 8,
      "added": 0,
      "result": {
        "skipped": "no_new_clips"
      }
    },
    {
      "name": "Remix Cover Vol.1 - Bong Cu Guong Moi",
      "playlist_id": "5babcd22-b812-4ad4-9049-51e01e1e1fd6",
      "created": false,
      "local_tracks": 2,
      "added": 0,
      "result": {
        "skipped": "no_new_clips"
      }
    },
    {
      "name": "Restaurant Jazz Instrument Vol.1 - Lounge Dinner",
      "playlist_id": "12477439-6d46-499c-8c6d-629750443371",
      "created": false,
      "local_tracks": 0,
      "added": 0,
      "result": {
        "skipped": "no_new_clips"
      }
    },
    {
      "name": "Rock Vol.1 - Lua Trong Da",
      "playlist_id": "81e6a1d9-aa45-4671-9174-4988eb989597",
      "created": false,
      "local_tracks": 6,
      "added": 0,
      "result": {
        "skipped": "no_new_clips"
      }
    },
    {
      "name": "Thien Vol.1 - Hoi Tho Sen Trang",
      "playlist_id": "0f2bd0fe-6bec-4913-8fc5-23696401d799",
      "created": false,
      "local_tracks": 8,
      "added": 0,
      "result": {
        "skipped": "no_new_clips"
      }
    },
    {
      "name": "Thieu Nhi Vol.1 - Vuon Nhac Tuoi Tho",
      "playlist_id": "974e14cb-125f-4191-8916-b31167d855bf",
      "created": false,
      "local_tracks": 6,
      "added": 0,
      "result": {
        "skipped": "no_new_clips"
      }
    }
  ]
}
[remaining 1] 50 tracks
[run 2] 2026-07-01T12:20:56+02:00
{
  "status": "error",
  "record": {
    "at": "2026-07-01T12:29:01+02:00",
    "genre": "Cinematic-MaxMax",
    "album": "Cinematic MaxMax Vol.1 - Ultra Trailer",
    "title": "Thiên Hà Nổ Tung",
    "idea_seed": {},
    "command": [
      "/root/.openclaw/workspace/suno-automato-cli/scripts/suno-lib.sh",
      "generate",
      "--genre",
      "Cinematic-MaxMax",
      "--title",
      "Thiên Hà Nổ Tung",
      "--tags",
      "Hyper-realistic MaxMax cinematic trailer, 100 BPM colossal hybrid orchestra, massive mixed choir, taiko war drums, brass stabs, low string ostinato, braams, risers, sub impacts, apocalyptic heroic climax, IMAX-scale master, with a catchy vocal hook (earworm) as the central memorable hook",
      "--exclude",
      "small mix, thin drums, weak climax, generic epic loop, muddy low end, pop vocal",
      "--weirdness",
      "62",
      "--style-influence",
      "86",
      "--lyrics-file",
      "/root/.openclaw/workspace/suno-automato-cli/suno-library/_batch-lyrics/Cinematic-MaxMax_01_Thiên_Hà_Nổ_Tung.txt",
      "--album",
      "Cinematic MaxMax Vol.1 - Ultra Trailer",
      "--wait",
      "--download"
    ],
    "exit_code": 2,
    "stdout_tail": "/root/.openclaw/workspace/suno-automato-cli/suno-library/Cinematic-MaxMax/2026-07-01_Thien-Ha-No-Tung\n",
    "stderr_tail": "[suno-safe] creation command may spend credits: generate\nSolving hCaptcha via piloted Chrome...\n{\n  \"version\": \"1\",\n  \"status\": \"error\",\n  \"error\": {\n    \"code\": \"config_error\",\n    \"message\": \"Configuration error: hcaptcha never finished loading on suno.com/create (page=https://suno.com/create; body=Failed to verify your browser  Code 11  Vercel Security Checkpoint  |  sin1::1782901711-kPfhvYZ57a4QHARllPrWiDVqnkuCh1CD)\",\n    \"suggestion\": \"Check `suno config check` for configuration issues\"\n  }\n}\n",
    "diagnostic_exit_code": 0,
    "diagnostic_stdout": "{\"ok\": true, \"screenshot\": \"/root/.openclaw/workspace/suno-automato-cli/suno-library/_diagnostics/suno-fail-20260701-122902.png\", \"text\": \"/root/.openclaw/workspace/suno-automato-cli/suno-library/_diagnostics/suno-fail-20260701-122902.txt\", \"url\": \"https://suno.com/create\"}\n",
    "diagnostic_stderr": ""
  },
  "next_genre": 15,
  "next_job": 3,
  "done": false
}
[run 2] runner rc=2
{"albums": 20, "tracks": 103}
{
  "ok": true,
  "albums": [
    {
      "name": "Ballad Vol.1 - Thu Chua Tan",
      "playlist_id": "50f7cca7-fa3a-48ab-b39c-69db29c96c87",
      "created": false,
      "local_tracks": 8,
      "added": 0,
      "result": {
        "skipped": "no_new_clips"
      }
    },
    {
      "name": "Bolero Vol.1 - Dem Mua Sai Gon",
      "playlist_id": "33b426bf-fee5-4bb5-a494-4094e2fb9048",
      "created": false,
      "local_tracks": 2,
      "added": 0,
      "result": {
        "skipped": "no_new_clips"
      }
    },
    {
      "name": "Cai Luong Vol.1 - San Khau Nam Bo",
      "playlist_id": "fd3428bf-d21b-4a14-b23a-c984068494f1",
      "created": false,
      "local_tracks": 10,
      "added": 0,
      "result": {
        "skipped": "no_new_clips"
      }
    },
    {
      "name": "Cinematic MaxMax Vol.1",
      "playlist_id": "7cea07a6-ab06-40a2-8237-e85dfe1efc2d",
      "created": false,
      "local_tracks": 14,
      "added": 2,
      "result": {
        "ok": true
      }
    },
    {
      "name": "Cinematic MaxMax Vol.1 - Ultra Trailer",
      "playlist_id": "7124e804-0838-4b73-a8b9-1fc6ac91197d",
      "created": false,
      "local_tracks": 0,
      "added": 0,
      "result": {
        "skipped": "no_new_clips"
      }
    },
    {
      "name": "Cinematic Vol.1 - De Che Sao Bang",
      "playlist_id": "29d6e148-9bde-4bad-b0d8-f036493bf6f9",
      "created": false,
      "local_tracks": 6,
      "added": 0,
      "result": {
        "skipped": "no_new_clips"
      }
    },
    {
      "name": "EDM Vol.1 - Dien Quang Tam Thuc",
      "playlist_id": "cbe0261f-0b2a-4f35-9bf6-c038770c17f9",
      "created": false,
      "local_tracks": 8,
      "added": 0,
      "result": {
        "skipped": "no_new_clips"
      }
    },
    {
      "name": "Experimental Vol.1 - May Moc Nam Mo",
      "playlist_id": "d19c9c77-5e69-439f-9bd0-d0bc3ee61696",
      "created": false,
      "local_tracks": 2,
      "added": 0,
      "result": {
        "skipped": "no_new_clips"
      }
    },
    {
      "name": "Instrumental Vol.1 - Khong Loi",
      "playlist_id": "6923b7b6-34ce-47f1-ba85-5557e59ea192",
      "created": false,
      "local_tracks": 8,
      "added": 0,
      "result": {
        "skipped": "no_new_clips"
      }
    },
    {
      "name": "Lofi Vol.1 - Tra Nong Va Mua Nho",
      "playlist_id": "5504a400-025e-47bf-9758-113d601946cc",
      "created": false,
      "local_tracks": 8,
      "added": 0,
      "result": {
        "skipped": "no_new_clips"
      }
    },
    {
      "name": "Opera Vol.1 - Nha Hat Anh Trang",
      "playlist_id": "490430ca-da07-4881-9cad-52b86ccda96c",
      "created": false,
      "local_tracks": 8,
      "added": 0,
      "result": {
        "skipped": "no_new_clips"
      }
    },
    {
      "name": "Phat Phap Vol.1 - Ke Sang Trong Dem",
      "playlist_id": "9ad244c2-9751-4dc6-88be-04f957c83417",
      "created": false,
      "local_tracks": 4,
      "added": 0,
      "result": {
        "skipped": "no_new_clips"
      }
    },
    {
      "name": "Pop Vol.1 - Neon Va Hoa Sua",
      "playlist_id": "245ed8d1-04a3-4e85-a55b-33c5785bd99d",
      "created": false,
      "local_tracks": 8,
      "added": 0,
      "result": {
        "skipped": "no_new_clips"
      }
    },
    {
      "name": "Rap Vol.1 - Thanh Pho Noi Tam",
      "playlist_id": "87bfa781-b994-46ff-84f9-be925785f173",
      "created": false,
      "local_tracks": 8,
      "added": 0,
      "result": {
        "skipped": "no_new_clips"
      }
    },
    {
      "name": "Relax Sleep Vol.1 - Dem Mem",
      "playlist_id": "12b5c813-7995-4216-9b13-079ed02b7806",
      "created": false,
      "local_tracks": 8,
      "added": 0,
      "result": {
        "skipped": "no_new_clips"
      }
    },
    {
      "name": "Remix Cover Vol.1 - Bong Cu Guong Moi",
      "playlist_id": "5babcd22-b812-4ad4-9049-51e01e1e1fd6",
      "created": false,
      "local_tracks": 2,
      "added": 0,
      "result": {
        "skipped": "no_new_clips"
      }
    },
    {
      "name": "Restaurant Jazz Instrument Vol.1 - Lounge Dinner",
      "playlist_id": "12477439-6d46-499c-8c6d-629750443371",
      "created": false,
      "local_tracks": 0,
      "added": 0,
      "result": {
        "skipped": "no_new_clips"
      }
    },
    {
      "name": "Rock Vol.1 - Lua Trong Da",
      "playlist_id": "81e6a1d9-aa45-4671-9174-4988eb989597",
      "created": false,
      "local_tracks": 6,
      "added": 0,
      "result": {
        "skipped": "no_new_clips"
      }
    },
    {
      "name": "Thien Vol.1 - Hoi Tho Sen Trang",
      "playlist_id": "0f2bd0fe-6bec-4913-8fc5-23696401d799",
      "created": false,
      "local_tracks": 8,
      "added": 0,
      "result": {
        "skipped": "no_new_clips"
      }
    },
    {
      "name": "Thieu Nhi Vol.1 - Vuon Nhac Tuoi Tho",
      "playlist_id": "974e14cb-125f-4191-8916-b31167d855bf",
      "created": false,
      "local_tracks": 6,
      "added": 0,
      "result": {
        "skipped": "no_new_clips"
      }
    }
  ]
}
[remaining 2] 50 tracks
[run 3] 2026-07-01T12:29:44+02:00
{
  "status": "error",
  "record": {
    "at": "2026-07-01T12:38:19+02:00",
    "genre": "Cinematic-MaxMax",
    "album": "Cinematic MaxMax Vol.1 - Ultra Trailer",
    "title": "Thiên Hà Nổ Tung",
    "idea_seed": {},
    "command": [
      "/root/.openclaw/workspace/suno-automato-cli/scripts/suno-lib.sh",
      "generate",
      "--genre",
      "Cinematic-MaxMax",
      "--title",
      "Thiên Hà Nổ Tung",
      "--tags",
      "Hyper-realistic MaxMax cinematic trailer, 100 BPM colossal hybrid orchestra, massive mixed choir, taiko war drums, brass stabs, low string ostinato, braams, risers, sub impacts, apocalyptic heroic climax, IMAX-scale master, with a catchy vocal hook (earworm) as the central memorable hook",
      "--exclude",
      "small mix, thin drums, weak climax, generic epic loop, muddy low end, pop vocal",
      "--weirdness",
      "62",
      "--style-influence",
      "86",
      "--lyrics-file",
      "/root/.openclaw/workspace/suno-automato-cli/suno-library/_batch-lyrics/Cinematic-MaxMax_01_Thiên_Hà_Nổ_Tung.txt",
      "--album",
      "Cinematic MaxMax Vol.1 - Ultra Trailer",
      "--wait",
      "--download"
    ],
    "exit_code": 2,
    "stdout_tail": "/root/.openclaw/workspace/suno-automato-cli/suno-library/Cinematic-MaxMax/2026-07-01_Thien-Ha-No-Tung\n",
    "stderr_tail": "[suno-safe] creation command may spend credits: generate\nSolving hCaptcha via piloted Chrome...\n{\n  \"version\": \"1\",\n  \"status\": \"error\",\n  \"error\": {\n    \"code\": \"config_error\",\n    \"message\": \"Configuration error: CDP Page.navigate timeout\",\n    \"suggestion\": \"Check `suno config check` for configuration issues\"\n  }\n}\n",
    "diagnostic_exit_code": 0,
    "diagnostic_stdout": "{\"ok\": true, \"screenshot\": \"/root/.openclaw/workspace/suno-automato-cli/suno-library/_diagnostics/suno-fail-20260701-123819.png\", \"text\": \"/root/.openclaw/workspace/suno-automato-cli/suno-library/_diagnostics/suno-fail-20260701-123819.txt\", \"url\": \"https://suno.com/?__clerk_handshake=eyJhbGciOiJSUzI1NiIsInR5cCI6IkpXVCJ9.eyJzdW5vLmNvbS9jbGFpbXMvdG9rZW5fdHlwZSI6ImhhbmRzaGFrZSIsImlzcyI6Imh0dHBzOi8vYXV0aC5zdW5vLmNvbSIsImhhbmRzaGFrZSI6WyJfX3Nlc3Npb249OyBEb21haW49c3Vuby5jb207IGV4cGlyZXM9VGh1LCAwMSBKYW4gMTk3MCAwMDowMDowMCBHTVQ7IEh0dHBPbmx5OyBNYXgtQWdlPTA7IFNhbWVTaXRlPUxheDsgU2VjdXJlIiwiX19jbGllbnRfdWF0PTA7IERvbWFpbj1zdW5vLmNvbTsgTWF4LUFnZT0zMTUzNjAwMDsgU2FtZVNpdGU9TGF4OyBTZWN1cmUiLCJfX2NsZXJrX2hhbmRzaGFrZT07IGV4cGlyZXM9VGh1LCAwMSBKYW4gMTk3MCAwMDowMDowMCBHTVQ7IEh0dHBPbmx5OyBNYXgtQWdlPTA7IFNhbWVTaXRlPUxheDsgU2VjdXJlIl19.Wk-j4XlHWXsRDeB7X5ZRr1gcBaLKa5KgXufMy-zyv3QhwGOd8GuImgDTXrd9Lvl0-6z6kX3vgFmOD4UqHPSjE2KKTcPe7d5mLhtflpkjNBruKE11LPoF5MCeRwccAvMMN1Zz_Piph9S3xHR8qf-Mfh7MmFC2QcAYjrjYxi2Ea1WkxWjEhC7hoje5qolMRbWnZfXGMshK0U0CtZig6-Kq0lkBCOW2c6ZEdRiEHL8itSgXFY58uIoR9mypIuk0tiJtPZdfo2nVqwqqKx10-pH3Fl3wAUt9-i8XWzAkMGkdU1GDGeCQOWgaQoS1RFrPAZvh86junSK5z6-qMtEk3B-fYA\"}\n",
    "diagnostic_stderr": ""
  },
  "next_genre": 15,
  "next_job": 3,
  "done": false
}
[run 3] runner rc=2
{"albums": 20, "tracks": 103}
{
  "ok": true,
  "albums": [
    {
      "name": "Ballad Vol.1 - Thu Chua Tan",
      "playlist_id": "50f7cca7-fa3a-48ab-b39c-69db29c96c87",
      "created": false,
      "local_tracks": 8,
      "added": 0,
      "result": {
        "skipped": "no_new_clips"
      }
    },
    {
      "name": "Bolero Vol.1 - Dem Mua Sai Gon",
      "playlist_id": "33b426bf-fee5-4bb5-a494-4094e2fb9048",
      "created": false,
      "local_tracks": 2,
      "added": 0,
      "result": {
        "skipped": "no_new_clips"
      }
    },
    {
      "name": "Cai Luong Vol.1 - San Khau Nam Bo",
      "playlist_id": "fd3428bf-d21b-4a14-b23a-c984068494f1",
      "created": false,
      "local_tracks": 10,
      "added": 0,
      "result": {
        "skipped": "no_new_clips"
      }
    },
    {
      "name": "Cinematic MaxMax Vol.1",
      "playlist_id": "7cea07a6-ab06-40a2-8237-e85dfe1efc2d",
      "created": false,
      "local_tracks": 14,
      "added": 2,
      "result": {
        "ok": true
      }
    },
    {
      "name": "Cinematic MaxMax Vol.1 - Ultra Trailer",
      "playlist_id": "7124e804-0838-4b73-a8b9-1fc6ac91197d",
      "created": false,
      "local_tracks": 0,
      "added": 0,
      "result": {
        "skipped": "no_new_clips"
      }
    },
    {
      "name": "Cinematic Vol.1 - De Che Sao Bang",
      "playlist_id": "29d6e148-9bde-4bad-b0d8-f036493bf6f9",
      "created": false,
      "local_tracks": 6,
      "added": 0,
      "result": {
        "skipped": "no_new_clips"
      }
    },
    {
      "name": "EDM Vol.1 - Dien Quang Tam Thuc",
      "playlist_id": "cbe0261f-0b2a-4f35-9bf6-c038770c17f9",
      "created": false,
      "local_tracks": 8,
      "added": 0,
      "result": {
        "skipped": "no_new_clips"
      }
    },
    {
      "name": "Experimental Vol.1 - May Moc Nam Mo",
      "playlist_id": "d19c9c77-5e69-439f-9bd0-d0bc3ee61696",
      "created": false,
      "local_tracks": 2,
      "added": 0,
      "result": {
        "skipped": "no_new_clips"
      }
    },
    {
      "name": "Instrumental Vol.1 - Khong Loi",
      "playlist_id": "6923b7b6-34ce-47f1-ba85-5557e59ea192",
      "created": false,
      "local_tracks": 8,
      "added": 0,
      "result": {
        "skipped": "no_new_clips"
      }
    },
    {
      "name": "Lofi Vol.1 - Tra Nong Va Mua Nho",
      "playlist_id": "5504a400-025e-47bf-9758-113d601946cc",
      "created": false,
      "local_tracks": 8,
      "added": 0,
      "result": {
        "skipped": "no_new_clips"
      }
    },
    {
      "name": "Opera Vol.1 - Nha Hat Anh Trang",
      "playlist_id": "490430ca-da07-4881-9cad-52b86ccda96c",
      "created": false,
      "local_tracks": 8,
      "added": 0,
      "result": {
        "skipped": "no_new_clips"
      }
    },
    {
      "name": "Phat Phap Vol.1 - Ke Sang Trong Dem",
      "playlist_id": "9ad244c2-9751-4dc6-88be-04f957c83417",
      "created": false,
      "local_tracks": 4,
      "added": 0,
      "result": {
        "skipped": "no_new_clips"
      }
    },
    {
      "name": "Pop Vol.1 - Neon Va Hoa Sua",
      "playlist_id": "245ed8d1-04a3-4e85-a55b-33c5785bd99d",
      "created": false,
      "local_tracks": 8,
      "added": 0,
      "result": {
        "skipped": "no_new_clips"
      }
    },
    {
      "name": "Rap Vol.1 - Thanh Pho Noi Tam",
      "playlist_id": "87bfa781-b994-46ff-84f9-be925785f173",
      "created": false,
      "local_tracks": 8,
      "added": 0,
      "result": {
        "skipped": "no_new_clips"
      }
    },
    {
      "name": "Relax Sleep Vol.1 - Dem Mem",
      "playlist_id": "12b5c813-7995-4216-9b13-079ed02b7806",
      "created": false,
      "local_tracks": 8,
      "added": 0,
      "result": {
        "skipped": "no_new_clips"
      }
    },
    {
      "name": "Remix Cover Vol.1 - Bong Cu Guong Moi",
      "playlist_id": "5babcd22-b812-4ad4-9049-51e01e1e1fd6",
      "created": false,
      "local_tracks": 2,
      "added": 0,
      "result": {
        "skipped": "no_new_clips"
      }
    },
    {
      "name": "Restaurant Jazz Instrument Vol.1 - Lounge Dinner",
      "playlist_id": "12477439-6d46-499c-8c6d-629750443371",
      "created": false,
      "local_tracks": 0,
      "added": 0,
      "result": {
        "skipped": "no_new_clips"
      }
    },
    {
      "name": "Rock Vol.1 - Lua Trong Da",
      "playlist_id": "81e6a1d9-aa45-4671-9174-4988eb989597",
      "created": false,
      "local_tracks": 6,
      "added": 0,
      "result": {
        "skipped": "no_new_clips"
      }
    },
    {
      "name": "Thien Vol.1 - Hoi Tho Sen Trang",
      "playlist_id": "0f2bd0fe-6bec-4913-8fc5-23696401d799",
      "created": false,
      "local_tracks": 8,
      "added": 0,
      "result": {
        "skipped": "no_new_clips"
      }
    },
    {
      "name": "Thieu Nhi Vol.1 - Vuon Nhac Tuoi Tho",
      "playlist_id": "974e14cb-125f-4191-8916-b31167d855bf",
      "created": false,
      "local_tracks": 6,
      "added": 0,
      "result": {
        "skipped": "no_new_clips"
      }
    }
  ]
}
[remaining 3] 50 tracks
[run 4] 2026-07-01T12:38:52+02:00
{
  "status": "error",
  "record": {
    "at": "2026-07-01T12:47:27+02:00",
    "genre": "Cinematic-MaxMax",
    "album": "Cinematic MaxMax Vol.1 - Ultra Trailer",
    "title": "Thiên Hà Nổ Tung",
    "idea_seed": {},
    "command": [
      "/root/.openclaw/workspace/suno-automato-cli/scripts/suno-lib.sh",
      "generate",
      "--genre",
      "Cinematic-MaxMax",
      "--title",
      "Thiên Hà Nổ Tung",
      "--tags",
      "Hyper-realistic MaxMax cinematic trailer, 100 BPM colossal hybrid orchestra, massive mixed choir, taiko war drums, brass stabs, low string ostinato, braams, risers, sub impacts, apocalyptic heroic climax, IMAX-scale master, with a instrumental hook / memorable motif as the central memorable hook",
      "--exclude",
      "small mix, thin drums, weak climax, generic epic loop, muddy low end, pop vocal",
      "--weirdness",
      "62",
      "--style-influence",
      "86",
      "--lyrics-file",
      "/root/.openclaw/workspace/suno-automato-cli/suno-library/_batch-lyrics/Cinematic-MaxMax_01_Thiên_Hà_Nổ_Tung.txt",
      "--album",
      "Cinematic MaxMax Vol.1 - Ultra Trailer",
      "--wait",
      "--download"
    ],
    "exit_code": 2,
    "stdout_tail": "/root/.openclaw/workspace/suno-automato-cli/suno-library/Cinematic-MaxMax/2026-07-01_Thien-Ha-No-Tung\n",
    "stderr_tail": "[suno-safe] creation command may spend credits: generate\nJWT expired, refreshing via Clerk...\nJWT refreshed successfully\nSolving hCaptcha via piloted Chrome...\n{\n  \"version\": \"1\",\n  \"status\": \"error\",\n  \"error\": {\n    \"code\": \"config_error\",\n    \"message\": \"Configuration error: CDP Network.enable timeout\",\n    \"suggestion\": \"Check `suno config check` for configuration issues\"\n  }\n}\n",
    "diagnostic_exit_code": 0,
    "diagnostic_stdout": "{\"ok\": true, \"screenshot\": \"/root/.openclaw/workspace/suno-automato-cli/suno-library/_diagnostics/suno-fail-20260701-124727.png\", \"text\": \"/root/.openclaw/workspace/suno-automato-cli/suno-library/_diagnostics/suno-fail-20260701-124727.txt\", \"url\": \"https://suno.com/?__clerk_handshake=eyJhbGciOiJSUzI1NiIsInR5cCI6IkpXVCJ9.eyJzdW5vLmNvbS9jbGFpbXMvdG9rZW5fdHlwZSI6ImhhbmRzaGFrZSIsImlzcyI6Imh0dHBzOi8vYXV0aC5zdW5vLmNvbSIsImhhbmRzaGFrZSI6WyJfX3Nlc3Npb249OyBEb21haW49c3Vuby5jb207IGV4cGlyZXM9VGh1LCAwMSBKYW4gMTk3MCAwMDowMDowMCBHTVQ7IEh0dHBPbmx5OyBNYXgtQWdlPTA7IFNhbWVTaXRlPUxheDsgU2VjdXJlIiwiX19jbGllbnRfdWF0PTA7IERvbWFpbj1zdW5vLmNvbTsgTWF4LUFnZT0zMTUzNjAwMDsgU2FtZVNpdGU9TGF4OyBTZWN1cmUiLCJfX2NsZXJrX2hhbmRzaGFrZT07IGV4cGlyZXM9VGh1LCAwMSBKYW4gMTk3MCAwMDowMDowMCBHTVQ7IEh0dHBPbmx5OyBNYXgtQWdlPTA7IFNhbWVTaXRlPUxheDsgU2VjdXJlIl19.Wk-j4XlHWXsRDeB7X5ZRr1gcBaLKa5KgXufMy-zyv3QhwGOd8GuImgDTXrd9Lvl0-6z6kX3vgFmOD4UqHPSjE2KKTcPe7d5mLhtflpkjNBruKE11LPoF5MCeRwccAvMMN1Zz_Piph9S3xHR8qf-Mfh7MmFC2QcAYjrjYxi2Ea1WkxWjEhC7hoje5qolMRbWnZfXGMshK0U0CtZig6-Kq0lkBCOW2c6ZEdRiEHL8itSgXFY58uIoR9mypIuk0tiJtPZdfo2nVqwqqKx10-pH3Fl3wAUt9-i8XWzAkMGkdU1GDGeCQOWgaQoS1RFrPAZvh86junSK5z6-qMtEk3B-fYA\"}\n",
    "diagnostic_stderr": ""
  },
  "next_genre": 15,
  "next_job": 3,
  "done": false
}
[run 4] runner rc=2
{"albums": 20, "tracks": 103}
{
  "ok": true,
  "albums": [
    {
      "name": "Ballad Vol.1 - Thu Chua Tan",
      "playlist_id": "50f7cca7-fa3a-48ab-b39c-69db29c96c87",
      "created": false,
      "local_tracks": 8,
      "added": 0,
      "result": {
        "skipped": "no_new_clips"
      }
    },
    {
      "name": "Bolero Vol.1 - Dem Mua Sai Gon",
      "playlist_id": "33b426bf-fee5-4bb5-a494-4094e2fb9048",
      "created": false,
      "local_tracks": 2,
      "added": 0,
      "result": {
        "skipped": "no_new_clips"
      }
    },
    {
      "name": "Cai Luong Vol.1 - San Khau Nam Bo",
      "playlist_id": "fd3428bf-d21b-4a14-b23a-c984068494f1",
      "created": false,
      "local_tracks": 10,
      "added": 0,
      "result": {
        "skipped": "no_new_clips"
      }
    },
    {
      "name": "Cinematic MaxMax Vol.1",
      "playlist_id": "7cea07a6-ab06-40a2-8237-e85dfe1efc2d",
      "created": false,
      "local_tracks": 14,
      "added": 2,
      "result": {
        "ok": true
      }
    },
    {
      "name": "Cinematic MaxMax Vol.1 - Ultra Trailer",
      "playlist_id": "7124e804-0838-4b73-a8b9-1fc6ac91197d",
      "created": false,
      "local_tracks": 0,
      "added": 0,
      "result": {
        "skipped": "no_new_clips"
      }
    },
    {
      "name": "Cinematic Vol.1 - De Che Sao Bang",
      "playlist_id": "29d6e148-9bde-4bad-b0d8-f036493bf6f9",
      "created": false,
      "local_tracks": 6,
      "added": 0,
      "result": {
        "skipped": "no_new_clips"
      }
    },
    {
      "name": "EDM Vol.1 - Dien Quang Tam Thuc",
      "playlist_id": "cbe0261f-0b2a-4f35-9bf6-c038770c17f9",
      "created": false,
      "local_tracks": 8,
      "added": 0,
      "result": {
        "skipped": "no_new_clips"
      }
    },
    {
      "name": "Experimental Vol.1 - May Moc Nam Mo",
      "playlist_id": "d19c9c77-5e69-439f-9bd0-d0bc3ee61696",
      "created": false,
      "local_tracks": 2,
      "added": 0,
      "result": {
        "skipped": "no_new_clips"
      }
    },
    {
      "name": "Instrumental Vol.1 - Khong Loi",
      "playlist_id": "6923b7b6-34ce-47f1-ba85-5557e59ea192",
      "created": false,
      "local_tracks": 8,
      "added": 0,
      "result": {
        "skipped": "no_new_clips"
      }
    },
    {
      "name": "Lofi Vol.1 - Tra Nong Va Mua Nho",
      "playlist_id": "5504a400-025e-47bf-9758-113d601946cc",
      "created": false,
      "local_tracks": 8,
      "added": 0,
      "result": {
        "skipped": "no_new_clips"
      }
    },
    {
      "name": "Opera Vol.1 - Nha Hat Anh Trang",
      "playlist_id": "490430ca-da07-4881-9cad-52b86ccda96c",
      "created": false,
      "local_tracks": 8,
      "added": 0,
      "result": {
        "skipped": "no_new_clips"
      }
    },
    {
      "name": "Phat Phap Vol.1 - Ke Sang Trong Dem",
      "playlist_id": "9ad244c2-9751-4dc6-88be-04f957c83417",
      "created": false,
      "local_tracks": 4,
      "added": 0,
      "result": {
        "skipped": "no_new_clips"
      }
    },
    {
      "name": "Pop Vol.1 - Neon Va Hoa Sua",
      "playlist_id": "245ed8d1-04a3-4e85-a55b-33c5785bd99d",
      "created": false,
      "local_tracks": 8,
      "added": 0,
      "result": {
        "skipped": "no_new_clips"
      }
    },
    {
      "name": "Rap Vol.1 - Thanh Pho Noi Tam",
      "playlist_id": "87bfa781-b994-46ff-84f9-be925785f173",
      "created": false,
      "local_tracks": 8,
      "added": 0,
      "result": {
        "skipped": "no_new_clips"
      }
    },
    {
      "name": "Relax Sleep Vol.1 - Dem Mem",
      "playlist_id": "12b5c813-7995-4216-9b13-079ed02b7806",
      "created": false,
      "local_tracks": 8,
      "added": 0,
      "result": {
        "skipped": "no_new_clips"
      }
    },
    {
      "name": "Remix Cover Vol.1 - Bong Cu Guong Moi",
      "playlist_id": "5babcd22-b812-4ad4-9049-51e01e1e1fd6",
      "created": false,
      "local_tracks": 2,
      "added": 0,
      "result": {
        "skipped": "no_new_clips"
      }
    },
    {
      "name": "Restaurant Jazz Instrument Vol.1 - Lounge Dinner",
      "playlist_id": "12477439-6d46-499c-8c6d-629750443371",
      "created": false,
      "local_tracks": 0,
      "added": 0,
      "result": {
        "skipped": "no_new_clips"
      }
    },
    {
      "name": "Rock Vol.1 - Lua Trong Da",
      "playlist_id": "81e6a1d9-aa45-4671-9174-4988eb989597",
      "created": false,
      "local_tracks": 6,
      "added": 0,
      "result": {
        "skipped": "no_new_clips"
      }
    },
    {
      "name": "Thien Vol.1 - Hoi Tho Sen Trang",
      "playlist_id": "0f2bd0fe-6bec-4913-8fc5-23696401d799",
      "created": false,
      "local_tracks": 8,
      "added": 0,
      "result": {
        "skipped": "no_new_clips"
      }
    },
    {
      "name": "Thieu Nhi Vol.1 - Vuon Nhac Tuoi Tho",
      "playlist_id": "974e14cb-125f-4191-8916-b31167d855bf",
      "created": false,
      "local_tracks": 6,
      "added": 0,
      "result": {
        "skipped": "no_new_clips"
      }
    }
  ]
}
[remaining 4] 50 tracks
[run 5] 2026-07-01T12:47:58+02:00
{
  "status": "error",
  "record": {
    "at": "2026-07-01T12:56:32+02:00",
    "genre": "Cinematic-MaxMax",
    "album": "Cinematic MaxMax Vol.1 - Ultra Trailer",
    "title": "Thiên Hà Nổ Tung",
    "idea_seed": {},
    "command": [
      "/root/.openclaw/workspace/suno-automato-cli/scripts/suno-lib.sh",
      "generate",
      "--genre",
      "Cinematic-MaxMax",
      "--title",
      "Thiên Hà Nổ Tung",
      "--tags",
      "Hyper-realistic MaxMax cinematic trailer, 100 BPM colossal hybrid orchestra, massive mixed choir, taiko war drums, brass stabs, low string ostinato, braams, risers, sub impacts, apocalyptic heroic climax, IMAX-scale master, with a chant hook (singalong) as the central memorable hook",
      "--exclude",
      "small mix, thin drums, weak climax, generic epic loop, muddy low end, pop vocal",
      "--weirdness",
      "62",
      "--style-influence",
      "86",
      "--lyrics-file",
      "/root/.openclaw/workspace/suno-automato-cli/suno-library/_batch-lyrics/Cinematic-MaxMax_01_Thiên_Hà_Nổ_Tung.txt",
      "--album",
      "Cinematic MaxMax Vol.1 - Ultra Trailer",
      "--wait",
      "--download"
    ],
    "exit_code": 2,
    "stdout_tail": "/root/.openclaw/workspace/suno-automato-cli/suno-library/Cinematic-MaxMax/2026-07-01_Thien-Ha-No-Tung\n",
    "stderr_tail": "[suno-safe] creation command may spend credits: generate\nSolving hCaptcha via piloted Chrome...\n{\n  \"version\": \"1\",\n  \"status\": \"error\",\n  \"error\": {\n    \"code\": \"config_error\",\n    \"message\": \"Configuration error: CDP Network.enable timeout\",\n    \"suggestion\": \"Check `suno config check` for configuration issues\"\n  }\n}\n",
    "diagnostic_exit_code": 0,
    "diagnostic_stdout": "{\"ok\": true, \"screenshot\": \"/root/.openclaw/workspace/suno-automato-cli/suno-library/_diagnostics/suno-fail-20260701-125632.png\", \"text\": \"/root/.openclaw/workspace/suno-automato-cli/suno-library/_diagnostics/suno-fail-20260701-125632.txt\", \"url\": \"https://suno.com/?__clerk_handshake=eyJhbGciOiJSUzI1NiIsInR5cCI6IkpXVCJ9.eyJzdW5vLmNvbS9jbGFpbXMvdG9rZW5fdHlwZSI6ImhhbmRzaGFrZSIsImlzcyI6Imh0dHBzOi8vYXV0aC5zdW5vLmNvbSIsImhhbmRzaGFrZSI6WyJfX3Nlc3Npb249OyBEb21haW49c3Vuby5jb207IGV4cGlyZXM9VGh1LCAwMSBKYW4gMTk3MCAwMDowMDowMCBHTVQ7IEh0dHBPbmx5OyBNYXgtQWdlPTA7IFNhbWVTaXRlPUxheDsgU2VjdXJlIiwiX19jbGllbnRfdWF0PTA7IERvbWFpbj1zdW5vLmNvbTsgTWF4LUFnZT0zMTUzNjAwMDsgU2FtZVNpdGU9TGF4OyBTZWN1cmUiLCJfX2NsZXJrX2hhbmRzaGFrZT07IGV4cGlyZXM9VGh1LCAwMSBKYW4gMTk3MCAwMDowMDowMCBHTVQ7IEh0dHBPbmx5OyBNYXgtQWdlPTA7IFNhbWVTaXRlPUxheDsgU2VjdXJlIl19.Wk-j4XlHWXsRDeB7X5ZRr1gcBaLKa5KgXufMy-zyv3QhwGOd8GuImgDTXrd9Lvl0-6z6kX3vgFmOD4UqHPSjE2KKTcPe7d5mLhtflpkjNBruKE11LPoF5MCeRwccAvMMN1Zz_Piph9S3xHR8qf-Mfh7MmFC2QcAYjrjYxi2Ea1WkxWjEhC7hoje5qolMRbWnZfXGMshK0U0CtZig6-Kq0lkBCOW2c6ZEdRiEHL8itSgXFY58uIoR9mypIuk0tiJtPZdfo2nVqwqqKx10-pH3Fl3wAUt9-i8XWzAkMGkdU1GDGeCQOWgaQoS1RFrPAZvh86junSK5z6-qMtEk3B-fYA\"}\n",
    "diagnostic_stderr": ""
  },
  "next_genre": 15,
  "next_job": 3,
  "done": false
}
[run 5] runner rc=2
{"albums": 20, "tracks": 103}
{
  "ok": true,
  "albums": [
    {
      "name": "Ballad Vol.1 - Thu Chua Tan",
      "playlist_id": "50f7cca7-fa3a-48ab-b39c-69db29c96c87",
      "created": false,
      "local_tracks": 8,
      "added": 0,
      "result": {
        "skipped": "no_new_clips"
      }
    },
    {
      "name": "Bolero Vol.1 - Dem Mua Sai Gon",
      "playlist_id": "33b426bf-fee5-4bb5-a494-4094e2fb9048",
      "created": false,
      "local_tracks": 2,
      "added": 0,
      "result": {
        "skipped": "no_new_clips"
      }
    },
    {
      "name": "Cai Luong Vol.1 - San Khau Nam Bo",
      "playlist_id": "fd3428bf-d21b-4a14-b23a-c984068494f1",
      "created": false,
      "local_tracks": 10,
      "added": 0,
      "result": {
        "skipped": "no_new_clips"
      }
    },
    {
      "name": "Cinematic MaxMax Vol.1",
      "playlist_id": "7cea07a6-ab06-40a2-8237-e85dfe1efc2d",
      "created": false,
      "local_tracks": 14,
      "added": 2,
      "result": {
        "ok": true
      }
    },
    {
      "name": "Cinematic MaxMax Vol.1 - Ultra Trailer",
      "playlist_id": "7124e804-0838-4b73-a8b9-1fc6ac91197d",
      "created": false,
      "local_tracks": 0,
      "added": 0,
      "result": {
        "skipped": "no_new_clips"
      }
    },
    {
      "name": "Cinematic Vol.1 - De Che Sao Bang",
      "playlist_id": "29d6e148-9bde-4bad-b0d8-f036493bf6f9",
      "created": false,
      "local_tracks": 6,
      "added": 0,
      "result": {
        "skipped": "no_new_clips"
      }
    },
    {
      "name": "EDM Vol.1 - Dien Quang Tam Thuc",
      "playlist_id": "cbe0261f-0b2a-4f35-9bf6-c038770c17f9",
      "created": false,
      "local_tracks": 8,
      "added": 0,
      "result": {
        "skipped": "no_new_clips"
      }
    },
    {
      "name": "Experimental Vol.1 - May Moc Nam Mo",
      "playlist_id": "d19c9c77-5e69-439f-9bd0-d0bc3ee61696",
      "created": false,
      "local_tracks": 2,
      "added": 0,
      "result": {
        "skipped": "no_new_clips"
      }
    },
    {
      "name": "Instrumental Vol.1 - Khong Loi",
      "playlist_id": "6923b7b6-34ce-47f1-ba85-5557e59ea192",
      "created": false,
      "local_tracks": 8,
      "added": 0,
      "result": {
        "skipped": "no_new_clips"
      }
    },
    {
      "name": "Lofi Vol.1 - Tra Nong Va Mua Nho",
      "playlist_id": "5504a400-025e-47bf-9758-113d601946cc",
      "created": false,
      "local_tracks": 8,
      "added": 0,
      "result": {
        "skipped": "no_new_clips"
      }
    },
    {
      "name": "Opera Vol.1 - Nha Hat Anh Trang",
      "playlist_id": "490430ca-da07-4881-9cad-52b86ccda96c",
      "created": false,
      "local_tracks": 8,
      "added": 0,
      "result": {
        "skipped": "no_new_clips"
      }
    },
    {
      "name": "Phat Phap Vol.1 - Ke Sang Trong Dem",
      "playlist_id": "9ad244c2-9751-4dc6-88be-04f957c83417",
      "created": false,
      "local_tracks": 4,
      "added": 0,
      "result": {
        "skipped": "no_new_clips"
      }
    },
    {
      "name": "Pop Vol.1 - Neon Va Hoa Sua",
      "playlist_id": "245ed8d1-04a3-4e85-a55b-33c5785bd99d",
      "created": false,
      "local_tracks": 8,
      "added": 0,
      "result": {
        "skipped": "no_new_clips"
      }
    },
    {
      "name": "Rap Vol.1 - Thanh Pho Noi Tam",
      "playlist_id": "87bfa781-b994-46ff-84f9-be925785f173",
      "created": false,
      "local_tracks": 8,
      "added": 0,
      "result": {
        "skipped": "no_new_clips"
      }
    },
    {
      "name": "Relax Sleep Vol.1 - Dem Mem",
      "playlist_id": "12b5c813-7995-4216-9b13-079ed02b7806",
      "created": false,
      "local_tracks": 8,
      "added": 0,
      "result": {
        "skipped": "no_new_clips"
      }
    },
    {
      "name": "Remix Cover Vol.1 - Bong Cu Guong Moi",
      "playlist_id": "5babcd22-b812-4ad4-9049-51e01e1e1fd6",
      "created": false,
      "local_tracks": 2,
      "added": 0,
      "result": {
        "skipped": "no_new_clips"
      }
    },
    {
      "name": "Restaurant Jazz Instrument Vol.1 - Lounge Dinner",
      "playlist_id": "12477439-6d46-499c-8c6d-629750443371",
      "created": false,
      "local_tracks": 0,
      "added": 0,
      "result": {
        "skipped": "no_new_clips"
      }
    },
    {
      "name": "Rock Vol.1 - Lua Trong Da",
      "playlist_id": "81e6a1d9-aa45-4671-9174-4988eb989597",
      "created": false,
      "local_tracks": 6,
      "added": 0,
      "result": {
        "skipped": "no_new_clips"
      }
    },
    {
      "name": "Thien Vol.1 - Hoi Tho Sen Trang",
      "playlist_id": "0f2bd0fe-6bec-4913-8fc5-23696401d799",
      "created": false,
      "local_tracks": 8,
      "added": 0,
      "result": {
        "skipped": "no_new_clips"
      }
    },
    {
      "name": "Thieu Nhi Vol.1 - Vuon Nhac Tuoi Tho",
      "playlist_id": "974e14cb-125f-4191-8916-b31167d855bf",
      "created": false,
      "local_tracks": 6,
      "added": 0,
      "result": {
        "skipped": "no_new_clips"
      }
    }
  ]
}
[remaining 5] 50 tracks
[run 6] 2026-07-01T12:57:05+02:00
{
  "status": "error",
  "record": {
    "at": "2026-07-01T13:05:39+02:00",
    "genre": "Cinematic-MaxMax",
    "album": "Cinematic MaxMax Vol.1 - Ultra Trailer",
    "title": "Thiên Hà Nổ Tung",
    "idea_seed": {},
    "command": [
      "/root/.openclaw/workspace/suno-automato-cli/scripts/suno-lib.sh",
      "generate",
      "--genre",
      "Cinematic-MaxMax",
      "--title",
      "Thiên Hà Nổ Tung",
      "--tags",
      "Hyper-realistic MaxMax cinematic trailer, 100 BPM colossal hybrid orchestra, massive mixed choir, taiko war drums, brass stabs, low string ostinato, braams, risers, sub impacts, apocalyptic heroic climax, IMAX-scale master, with a chant hook (singalong) as the central memorable hook",
      "--exclude",
      "small mix, thin drums, weak climax, generic epic loop, muddy low end, pop vocal",
      "--weirdness",
      "62",
      "--style-influence",
      "86",
      "--lyrics-file",
      "/root/.openclaw/workspace/suno-automato-cli/suno-library/_batch-lyrics/Cinematic-MaxMax_01_Thiên_Hà_Nổ_Tung.txt",
      "--album",
      "Cinematic MaxMax Vol.1 - Ultra Trailer",
      "--wait",
      "--download"
    ],
    "exit_code": 2,
    "stdout_tail": "/root/.openclaw/workspace/suno-automato-cli/suno-library/Cinematic-MaxMax/2026-07-01_Thien-Ha-No-Tung\n",
    "stderr_tail": "[suno-safe] creation command may spend credits: generate\nSolving hCaptcha via piloted Chrome...\n{\n  \"version\": \"1\",\n  \"status\": \"error\",\n  \"error\": {\n    \"code\": \"config_error\",\n    \"message\": \"Configuration error: CDP Network.enable timeout\",\n    \"suggestion\": \"Check `suno config check` for configuration issues\"\n  }\n}\n",
    "diagnostic_exit_code": 0,
    "diagnostic_stdout": "{\"ok\": true, \"screenshot\": \"/root/.openclaw/workspace/suno-automato-cli/suno-library/_diagnostics/suno-fail-20260701-130539.png\", \"text\": \"/root/.openclaw/workspace/suno-automato-cli/suno-library/_diagnostics/suno-fail-20260701-130539.txt\", \"url\": \"https://suno.com/?__clerk_handshake=eyJhbGciOiJSUzI1NiIsInR5cCI6IkpXVCJ9.eyJzdW5vLmNvbS9jbGFpbXMvdG9rZW5fdHlwZSI6ImhhbmRzaGFrZSIsImlzcyI6Imh0dHBzOi8vYXV0aC5zdW5vLmNvbSIsImhhbmRzaGFrZSI6WyJfX3Nlc3Npb249OyBEb21haW49c3Vuby5jb207IGV4cGlyZXM9VGh1LCAwMSBKYW4gMTk3MCAwMDowMDowMCBHTVQ7IEh0dHBPbmx5OyBNYXgtQWdlPTA7IFNhbWVTaXRlPUxheDsgU2VjdXJlIiwiX19jbGllbnRfdWF0PTA7IERvbWFpbj1zdW5vLmNvbTsgTWF4LUFnZT0zMTUzNjAwMDsgU2FtZVNpdGU9TGF4OyBTZWN1cmUiLCJfX2NsZXJrX2hhbmRzaGFrZT07IGV4cGlyZXM9VGh1LCAwMSBKYW4gMTk3MCAwMDowMDowMCBHTVQ7IEh0dHBPbmx5OyBNYXgtQWdlPTA7IFNhbWVTaXRlPUxheDsgU2VjdXJlIl19.Wk-j4XlHWXsRDeB7X5ZRr1gcBaLKa5KgXufMy-zyv3QhwGOd8GuImgDTXrd9Lvl0-6z6kX3vgFmOD4UqHPSjE2KKTcPe7d5mLhtflpkjNBruKE11LPoF5MCeRwccAvMMN1Zz_Piph9S3xHR8qf-Mfh7MmFC2QcAYjrjYxi2Ea1WkxWjEhC7hoje5qolMRbWnZfXGMshK0U0CtZig6-Kq0lkBCOW2c6ZEdRiEHL8itSgXFY58uIoR9mypIuk0tiJtPZdfo2nVqwqqKx10-pH3Fl3wAUt9-i8XWzAkMGkdU1GDGeCQOWgaQoS1RFrPAZvh86junSK5z6-qMtEk3B-fYA\"}\n",
    "diagnostic_stderr": ""
  },
  "next_genre": 15,
  "next_job": 3,
  "done": false
}
[run 6] runner rc=2
{"albums": 20, "tracks": 103}
{
  "ok": true,
  "albums": [
    {
      "name": "Ballad Vol.1 - Thu Chua Tan",
      "playlist_id": "50f7cca7-fa3a-48ab-b39c-69db29c96c87",
      "created": false,
      "local_tracks": 8,
      "added": 0,
      "result": {
        "skipped": "no_new_clips"
      }
    },
    {
      "name": "Bolero Vol.1 - Dem Mua Sai Gon",
      "playlist_id": "33b426bf-fee5-4bb5-a494-4094e2fb9048",
      "created": false,
      "local_tracks": 2,
      "added": 0,
      "result": {
        "skipped": "no_new_clips"
      }
    },
    {
      "name": "Cai Luong Vol.1 - San Khau Nam Bo",
      "playlist_id": "fd3428bf-d21b-4a14-b23a-c984068494f1",
      "created": false,
      "local_tracks": 10,
      "added": 0,
      "result": {
        "skipped": "no_new_clips"
      }
    },
    {
      "name": "Cinematic MaxMax Vol.1",
      "playlist_id": "7cea07a6-ab06-40a2-8237-e85dfe1efc2d",
      "created": false,
      "local_tracks": 14,
      "added": 2,
      "result": {
        "ok": true
      }
    },
    {
      "name": "Cinematic MaxMax Vol.1 - Ultra Trailer",
      "playlist_id": "7124e804-0838-4b73-a8b9-1fc6ac91197d",
      "created": false,
      "local_tracks": 0,
      "added": 0,
      "result": {
        "skipped": "no_new_clips"
      }
    },
    {
      "name": "Cinematic Vol.1 - De Che Sao Bang",
      "playlist_id": "29d6e148-9bde-4bad-b0d8-f036493bf6f9",
      "created": false,
      "local_tracks": 6,
      "added": 0,
      "result": {
        "skipped": "no_new_clips"
      }
    },
    {
      "name": "EDM Vol.1 - Dien Quang Tam Thuc",
      "playlist_id": "cbe0261f-0b2a-4f35-9bf6-c038770c17f9",
      "created": false,
      "local_tracks": 8,
      "added": 0,
      "result": {
        "skipped": "no_new_clips"
      }
    },
    {
      "name": "Experimental Vol.1 - May Moc Nam Mo",
      "playlist_id": "d19c9c77-5e69-439f-9bd0-d0bc3ee61696",
      "created": false,
      "local_tracks": 2,
      "added": 0,
      "result": {
        "skipped": "no_new_clips"
      }
    },
    {
      "name": "Instrumental Vol.1 - Khong Loi",
      "playlist_id": "6923b7b6-34ce-47f1-ba85-5557e59ea192",
      "created": false,
      "local_tracks": 8,
      "added": 0,
      "result": {
        "skipped": "no_new_clips"
      }
    },
    {
      "name": "Lofi Vol.1 - Tra Nong Va Mua Nho",
      "playlist_id": "5504a400-025e-47bf-9758-113d601946cc",
      "created": false,
      "local_tracks": 8,
      "added": 0,
      "result": {
        "skipped": "no_new_clips"
      }
    },
    {
      "name": "Opera Vol.1 - Nha Hat Anh Trang",
      "playlist_id": "490430ca-da07-4881-9cad-52b86ccda96c",
      "created": false,
      "local_tracks": 8,
      "added": 0,
      "result": {
        "skipped": "no_new_clips"
      }
    },
    {
      "name": "Phat Phap Vol.1 - Ke Sang Trong Dem",
      "playlist_id": "9ad244c2-9751-4dc6-88be-04f957c83417",
      "created": false,
      "local_tracks": 4,
      "added": 0,
      "result": {
        "skipped": "no_new_clips"
      }
    },
    {
      "name": "Pop Vol.1 - Neon Va Hoa Sua",
      "playlist_id": "245ed8d1-04a3-4e85-a55b-33c5785bd99d",
      "created": false,
      "local_tracks": 8,
      "added": 0,
      "result": {
        "skipped": "no_new_clips"
      }
    },
    {
      "name": "Rap Vol.1 - Thanh Pho Noi Tam",
      "playlist_id": "87bfa781-b994-46ff-84f9-be925785f173",
      "created": false,
      "local_tracks": 8,
      "added": 0,
      "result": {
        "skipped": "no_new_clips"
      }
    },
    {
      "name": "Relax Sleep Vol.1 - Dem Mem",
      "playlist_id": "12b5c813-7995-4216-9b13-079ed02b7806",
      "created": false,
      "local_tracks": 8,
      "added": 0,
      "result": {
        "skipped": "no_new_clips"
      }
    },
    {
      "name": "Remix Cover Vol.1 - Bong Cu Guong Moi",
      "playlist_id": "5babcd22-b812-4ad4-9049-51e01e1e1fd6",
      "created": false,
      "local_tracks": 2,
      "added": 0,
      "result": {
        "skipped": "no_new_clips"
      }
    },
    {
      "name": "Restaurant Jazz Instrument Vol.1 - Lounge Dinner",
      "playlist_id": "12477439-6d46-499c-8c6d-629750443371",
      "created": false,
      "local_tracks": 0,
      "added": 0,
      "result": {
        "skipped": "no_new_clips"
      }
    },
    {
      "name": "Rock Vol.1 - Lua Trong Da",
      "playlist_id": "81e6a1d9-aa45-4671-9174-4988eb989597",
      "created": false,
      "local_tracks": 6,
      "added": 0,
      "result": {
        "skipped": "no_new_clips"
      }
    },
    {
      "name": "Thien Vol.1 - Hoi Tho Sen Trang",
      "playlist_id": "0f2bd0fe-6bec-4913-8fc5-23696401d799",
      "created": false,
      "local_tracks": 8,
      "added": 0,
      "result": {
        "skipped": "no_new_clips"
      }
    },
    {
      "name": "Thieu Nhi Vol.1 - Vuon Nhac Tuoi Tho",
      "playlist_id": "974e14cb-125f-4191-8916-b31167d855bf",
      "created": false,
      "local_tracks": 6,
      "added": 0,
      "result": {
        "skipped": "no_new_clips"
      }
    }
  ]
}
[remaining 6] 50 tracks
[run 7] 2026-07-01T13:06:12+02:00
{
  "status": "error",
  "record": {
    "at": "2026-07-01T13:14:47+02:00",
    "genre": "Cinematic-MaxMax",
    "album": "Cinematic MaxMax Vol.1 - Ultra Trailer",
    "title": "Thiên Hà Nổ Tung",
    "idea_seed": {},
    "command": [
      "/root/.openclaw/workspace/suno-automato-cli/scripts/suno-lib.sh",
      "generate",
      "--genre",
      "Cinematic-MaxMax",
      "--title",
      "Thiên Hà Nổ Tung",
      "--tags",
      "Hyper-realistic MaxMax cinematic trailer, 100 BPM colossal hybrid orchestra, massive mixed choir, taiko war drums, brass stabs, low string ostinato, braams, risers, sub impacts, apocalyptic heroic climax, IMAX-scale master, with a post-chorus vowel tag as the central memorable hook",
      "--exclude",
      "small mix, thin drums, weak climax, generic epic loop, muddy low end, pop vocal",
      "--weirdness",
      "62",
      "--style-influence",
      "86",
      "--lyrics-file",
      "/root/.openclaw/workspace/suno-automato-cli/suno-library/_batch-lyrics/Cinematic-MaxMax_01_Thiên_Hà_Nổ_Tung.txt",
      "--album",
      "Cinematic MaxMax Vol.1 - Ultra Trailer",
      "--wait",
      "--download"
    ],
    "exit_code": 2,
    "stdout_tail": "/root/.openclaw/workspace/suno-automato-cli/suno-library/Cinematic-MaxMax/2026-07-01_Thien-Ha-No-Tung\n",
    "stderr_tail": "[suno-safe] creation command may spend credits: generate\nSolving hCaptcha via piloted Chrome...\n{\n  \"version\": \"1\",\n  \"status\": \"error\",\n  \"error\": {\n    \"code\": \"config_error\",\n    \"message\": \"Configuration error: CDP Network.enable timeout\",\n    \"suggestion\": \"Check `suno config check` for configuration issues\"\n  }\n}\n",
    "diagnostic_exit_code": 0,
    "diagnostic_stdout": "{\"ok\": true, \"screenshot\": \"/root/.openclaw/workspace/suno-automato-cli/suno-library/_diagnostics/suno-fail-20260701-131448.png\", \"text\": \"/root/.openclaw/workspace/suno-automato-cli/suno-library/_diagnostics/suno-fail-20260701-131448.txt\", \"url\": \"https://suno.com/?__clerk_handshake=eyJhbGciOiJSUzI1NiIsInR5cCI6IkpXVCJ9.eyJzdW5vLmNvbS9jbGFpbXMvdG9rZW5fdHlwZSI6ImhhbmRzaGFrZSIsImlzcyI6Imh0dHBzOi8vYXV0aC5zdW5vLmNvbSIsImhhbmRzaGFrZSI6WyJfX3Nlc3Npb249OyBEb21haW49c3Vuby5jb207IGV4cGlyZXM9VGh1LCAwMSBKYW4gMTk3MCAwMDowMDowMCBHTVQ7IEh0dHBPbmx5OyBNYXgtQWdlPTA7IFNhbWVTaXRlPUxheDsgU2VjdXJlIiwiX19jbGllbnRfdWF0PTA7IERvbWFpbj1zdW5vLmNvbTsgTWF4LUFnZT0zMTUzNjAwMDsgU2FtZVNpdGU9TGF4OyBTZWN1cmUiLCJfX2NsZXJrX2hhbmRzaGFrZT07IGV4cGlyZXM9VGh1LCAwMSBKYW4gMTk3MCAwMDowMDowMCBHTVQ7IEh0dHBPbmx5OyBNYXgtQWdlPTA7IFNhbWVTaXRlPUxheDsgU2VjdXJlIl19.Wk-j4XlHWXsRDeB7X5ZRr1gcBaLKa5KgXufMy-zyv3QhwGOd8GuImgDTXrd9Lvl0-6z6kX3vgFmOD4UqHPSjE2KKTcPe7d5mLhtflpkjNBruKE11LPoF5MCeRwccAvMMN1Zz_Piph9S3xHR8qf-Mfh7MmFC2QcAYjrjYxi2Ea1WkxWjEhC7hoje5qolMRbWnZfXGMshK0U0CtZig6-Kq0lkBCOW2c6ZEdRiEHL8itSgXFY58uIoR9mypIuk0tiJtPZdfo2nVqwqqKx10-pH3Fl3wAUt9-i8XWzAkMGkdU1GDGeCQOWgaQoS1RFrPAZvh86junSK5z6-qMtEk3B-fYA\"}\n",
    "diagnostic_stderr": ""
  },
  "next_genre": 15,
  "next_job": 3,
  "done": false
}
[run 7] runner rc=2
{"albums": 20, "tracks": 103}
{
  "ok": true,
  "albums": [
    {
      "name": "Ballad Vol.1 - Thu Chua Tan",
      "playlist_id": "50f7cca7-fa3a-48ab-b39c-69db29c96c87",
      "created": false,
      "local_tracks": 8,
      "added": 0,
      "result": {
        "skipped": "no_new_clips"
      }
    },
    {
      "name": "Bolero Vol.1 - Dem Mua Sai Gon",
      "playlist_id": "33b426bf-fee5-4bb5-a494-4094e2fb9048",
      "created": false,
      "local_tracks": 2,
      "added": 0,
      "result": {
        "skipped": "no_new_clips"
      }
    },
    {
      "name": "Cai Luong Vol.1 - San Khau Nam Bo",
      "playlist_id": "fd3428bf-d21b-4a14-b23a-c984068494f1",
      "created": false,
      "local_tracks": 10,
      "added": 0,
      "result": {
        "skipped": "no_new_clips"
      }
    },
    {
      "name": "Cinematic MaxMax Vol.1",
      "playlist_id": "7cea07a6-ab06-40a2-8237-e85dfe1efc2d",
      "created": false,
      "local_tracks": 14,
      "added": 2,
      "result": {
        "ok": true
      }
    },
    {
      "name": "Cinematic MaxMax Vol.1 - Ultra Trailer",
      "playlist_id": "7124e804-0838-4b73-a8b9-1fc6ac91197d",
      "created": false,
      "local_tracks": 0,
      "added": 0,
      "result": {
        "skipped": "no_new_clips"
      }
    },
    {
      "name": "Cinematic Vol.1 - De Che Sao Bang",
      "playlist_id": "29d6e148-9bde-4bad-b0d8-f036493bf6f9",
      "created": false,
      "local_tracks": 6,
      "added": 0,
      "result": {
        "skipped": "no_new_clips"
      }
    },
    {
      "name": "EDM Vol.1 - Dien Quang Tam Thuc",
      "playlist_id": "cbe0261f-0b2a-4f35-9bf6-c038770c17f9",
      "created": false,
      "local_tracks": 8,
      "added": 0,
      "result": {
        "skipped": "no_new_clips"
      }
    },
    {
      "name": "Experimental Vol.1 - May Moc Nam Mo",
      "playlist_id": "d19c9c77-5e69-439f-9bd0-d0bc3ee61696",
      "created": false,
      "local_tracks": 2,
      "added": 0,
      "result": {
        "skipped": "no_new_clips"
      }
    },
    {
      "name": "Instrumental Vol.1 - Khong Loi",
      "playlist_id": "6923b7b6-34ce-47f1-ba85-5557e59ea192",
      "created": false,
      "local_tracks": 8,
      "added": 0,
      "result": {
        "skipped": "no_new_clips"
      }
    },
    {
      "name": "Lofi Vol.1 - Tra Nong Va Mua Nho",
      "playlist_id": "5504a400-025e-47bf-9758-113d601946cc",
      "created": false,
      "local_tracks": 8,
      "added": 0,
      "result": {
        "skipped": "no_new_clips"
      }
    },
    {
      "name": "Opera Vol.1 - Nha Hat Anh Trang",
      "playlist_id": "490430ca-da07-4881-9cad-52b86ccda96c",
      "created": false,
      "local_tracks": 8,
      "added": 0,
      "result": {
        "skipped": "no_new_clips"
      }
    },
    {
      "name": "Phat Phap Vol.1 - Ke Sang Trong Dem",
      "playlist_id": "9ad244c2-9751-4dc6-88be-04f957c83417",
      "created": false,
      "local_tracks": 4,
      "added": 0,
      "result": {
        "skipped": "no_new_clips"
      }
    },
    {
      "name": "Pop Vol.1 - Neon Va Hoa Sua",
      "playlist_id": "245ed8d1-04a3-4e85-a55b-33c5785bd99d",
      "created": false,
      "local_tracks": 8,
      "added": 0,
      "result": {
        "skipped": "no_new_clips"
      }
    },
    {
      "name": "Rap Vol.1 - Thanh Pho Noi Tam",
      "playlist_id": "87bfa781-b994-46ff-84f9-be925785f173",
      "created": false,
      "local_tracks": 8,
      "added": 0,
      "result": {
        "skipped": "no_new_clips"
      }
    },
    {
      "name": "Relax Sleep Vol.1 - Dem Mem",
      "playlist_id": "12b5c813-7995-4216-9b13-079ed02b7806",
      "created": false,
      "local_tracks": 8,
      "added": 0,
      "result": {
        "skipped": "no_new_clips"
      }
    },
    {
      "name": "Remix Cover Vol.1 - Bong Cu Guong Moi",
      "playlist_id": "5babcd22-b812-4ad4-9049-51e01e1e1fd6",
      "created": false,
      "local_tracks": 2,
      "added": 0,
      "result": {
        "skipped": "no_new_clips"
      }
    },
    {
      "name": "Restaurant Jazz Instrument Vol.1 - Lounge Dinner",
      "playlist_id": "12477439-6d46-499c-8c6d-629750443371",
      "created": false,
      "local_tracks": 0,
      "added": 0,
      "result": {
        "skipped": "no_new_clips"
      }
    },
    {
      "name": "Rock Vol.1 - Lua Trong Da",
      "playlist_id": "81e6a1d9-aa45-4671-9174-4988eb989597",
      "created": false,
      "local_tracks": 6,
      "added": 0,
      "result": {
        "skipped": "no_new_clips"
      }
    },
    {
      "name": "Thien Vol.1 - Hoi Tho Sen Trang",
      "playlist_id": "0f2bd0fe-6bec-4913-8fc5-23696401d799",
      "created": false,
      "local_tracks": 8,
      "added": 0,
      "result": {
        "skipped": "no_new_clips"
      }
    },
    {
      "name": "Thieu Nhi Vol.1 - Vuon Nhac Tuoi Tho",
      "playlist_id": "974e14cb-125f-4191-8916-b31167d855bf",
      "created": false,
      "local_tracks": 6,
      "added": 0,
      "result": {
        "skipped": "no_new_clips"
      }
    }
  ]
}
[remaining 7] 50 tracks
[run 8] 2026-07-01T13:15:29+02:00
{
  "status": "error",
  "record": {
    "at": "2026-07-01T13:24:06+02:00",
    "genre": "Cinematic-MaxMax",
    "album": "Cinematic MaxMax Vol.1 - Ultra Trailer",
    "title": "Thiên Hà Nổ Tung",
    "idea_seed": {},
    "command": [
      "/root/.openclaw/workspace/suno-automato-cli/scripts/suno-lib.sh",
      "generate",
      "--genre",
      "Cinematic-MaxMax",
      "--title",
      "Thiên Hà Nổ Tung",
      "--tags",
      "Hyper-realistic MaxMax cinematic trailer, 100 BPM colossal hybrid orchestra, massive mixed choir, taiko war drums, brass stabs, low string ostinato, braams, risers, sub impacts, apocalyptic heroic climax, IMAX-scale master, with a chant hook (singalong) as the central memorable hook",
      "--exclude",
      "small mix, thin drums, weak climax, generic epic loop, muddy low end, pop vocal",
      "--weirdness",
      "62",
      "--style-influence",
      "86",
      "--lyrics-file",
      "/root/.openclaw/workspace/suno-automato-cli/suno-library/_batch-lyrics/Cinematic-MaxMax_01_Thiên_Hà_Nổ_Tung.txt",
      "--album",
      "Cinematic MaxMax Vol.1 - Ultra Trailer",
      "--wait",
      "--download"
    ],
    "exit_code": 2,
    "stdout_tail": "/root/.openclaw/workspace/suno-automato-cli/suno-library/Cinematic-MaxMax/2026-07-01_Thien-Ha-No-Tung\n",
    "stderr_tail": "[suno-safe] creation command may spend credits: generate\nJWT expired, refreshing via Clerk...\nJWT refreshed successfully\nSolving hCaptcha via piloted Chrome...\n{\n  \"version\": \"1\",\n  \"status\": \"error\",\n  \"error\": {\n    \"code\": \"config_error\",\n    \"message\": \"Configuration error: CDP Network.enable timeout\",\n    \"suggestion\": \"Check `suno config check` for configuration issues\"\n  }\n}\n",
    "diagnostic_exit_code": 0,
    "diagnostic_stdout": "{\"ok\": true, \"screenshot\": \"/root/.openclaw/workspace/suno-automato-cli/suno-library/_diagnostics/suno-fail-20260701-132407.png\", \"text\": \"/root/.openclaw/workspace/suno-automato-cli/suno-library/_diagnostics/suno-fail-20260701-132407.txt\", \"url\": \"https://suno.com/?__clerk_handshake=eyJhbGciOiJSUzI1NiIsInR5cCI6IkpXVCJ9.eyJzdW5vLmNvbS9jbGFpbXMvdG9rZW5fdHlwZSI6ImhhbmRzaGFrZSIsImlzcyI6Imh0dHBzOi8vYXV0aC5zdW5vLmNvbSIsImhhbmRzaGFrZSI6WyJfX3Nlc3Npb249OyBEb21haW49c3Vuby5jb207IGV4cGlyZXM9VGh1LCAwMSBKYW4gMTk3MCAwMDowMDowMCBHTVQ7IEh0dHBPbmx5OyBNYXgtQWdlPTA7IFNhbWVTaXRlPUxheDsgU2VjdXJlIiwiX19jbGllbnRfdWF0PTA7IERvbWFpbj1zdW5vLmNvbTsgTWF4LUFnZT0zMTUzNjAwMDsgU2FtZVNpdGU9TGF4OyBTZWN1cmUiLCJfX2NsZXJrX2hhbmRzaGFrZT07IGV4cGlyZXM9VGh1LCAwMSBKYW4gMTk3MCAwMDowMDowMCBHTVQ7IEh0dHBPbmx5OyBNYXgtQWdlPTA7IFNhbWVTaXRlPUxheDsgU2VjdXJlIl19.Wk-j4XlHWXsRDeB7X5ZRr1gcBaLKa5KgXufMy-zyv3QhwGOd8GuImgDTXrd9Lvl0-6z6kX3vgFmOD4UqHPSjE2KKTcPe7d5mLhtflpkjNBruKE11LPoF5MCeRwccAvMMN1Zz_Piph9S3xHR8qf-Mfh7MmFC2QcAYjrjYxi2Ea1WkxWjEhC7hoje5qolMRbWnZfXGMshK0U0CtZig6-Kq0lkBCOW2c6ZEdRiEHL8itSgXFY58uIoR9mypIuk0tiJtPZdfo2nVqwqqKx10-pH3Fl3wAUt9-i8XWzAkMGkdU1GDGeCQOWgaQoS1RFrPAZvh86junSK5z6-qMtEk3B-fYA\"}\n",
    "diagnostic_stderr": ""
  },
  "next_genre": 15,
  "next_job": 3,
  "done": false
}
[run 8] runner rc=2
{"albums": 20, "tracks": 103}
{
  "ok": true,
  "albums": [
    {
      "name": "Ballad Vol.1 - Thu Chua Tan",
      "playlist_id": "50f7cca7-fa3a-48ab-b39c-69db29c96c87",
      "created": false,
      "local_tracks": 8,
      "added": 0,
      "result": {
        "skipped": "no_new_clips"
      }
    },
    {
      "name": "Bolero Vol.1 - Dem Mua Sai Gon",
      "playlist_id": "33b426bf-fee5-4bb5-a494-4094e2fb9048",
      "created": false,
      "local_tracks": 2,
      "added": 0,
      "result": {
        "skipped": "no_new_clips"
      }
    },
    {
      "name": "Cai Luong Vol.1 - San Khau Nam Bo",
      "playlist_id": "fd3428bf-d21b-4a14-b23a-c984068494f1",
      "created": false,
      "local_tracks": 10,
      "added": 0,
      "result": {
        "skipped": "no_new_clips"
      }
    },
    {
      "name": "Cinematic MaxMax Vol.1",
      "playlist_id": "7cea07a6-ab06-40a2-8237-e85dfe1efc2d",
      "created": false,
      "local_tracks": 14,
      "added": 2,
      "result": {
        "ok": true
      }
    },
    {
      "name": "Cinematic MaxMax Vol.1 - Ultra Trailer",
      "playlist_id": "7124e804-0838-4b73-a8b9-1fc6ac91197d",
      "created": false,
      "local_tracks": 0,
      "added": 0,
      "result": {
        "skipped": "no_new_clips"
      }
    },
    {
      "name": "Cinematic Vol.1 - De Che Sao Bang",
      "playlist_id": "29d6e148-9bde-4bad-b0d8-f036493bf6f9",
      "created": false,
      "local_tracks": 6,
      "added": 0,
      "result": {
        "skipped": "no_new_clips"
      }
    },
    {
      "name": "EDM Vol.1 - Dien Quang Tam Thuc",
      "playlist_id": "cbe0261f-0b2a-4f35-9bf6-c038770c17f9",
      "created": false,
      "local_tracks": 8,
      "added": 0,
      "result": {
        "skipped": "no_new_clips"
      }
    },
    {
      "name": "Experimental Vol.1 - May Moc Nam Mo",
      "playlist_id": "d19c9c77-5e69-439f-9bd0-d0bc3ee61696",
      "created": false,
      "local_tracks": 2,
      "added": 0,
      "result": {
        "skipped": "no_new_clips"
      }
    },
    {
      "name": "Instrumental Vol.1 - Khong Loi",
      "playlist_id": "6923b7b6-34ce-47f1-ba85-5557e59ea192",
      "created": false,
      "local_tracks": 8,
      "added": 0,
      "result": {
        "skipped": "no_new_clips"
      }
    },
    {
      "name": "Lofi Vol.1 - Tra Nong Va Mua Nho",
      "playlist_id": "5504a400-025e-47bf-9758-113d601946cc",
      "created": false,
      "local_tracks": 8,
      "added": 0,
      "result": {
        "skipped": "no_new_clips"
      }
    },
    {
      "name": "Opera Vol.1 - Nha Hat Anh Trang",
      "playlist_id": "490430ca-da07-4881-9cad-52b86ccda96c",
      "created": false,
      "local_tracks": 8,
      "added": 0,
      "result": {
        "skipped": "no_new_clips"
      }
    },
    {
      "name": "Phat Phap Vol.1 - Ke Sang Trong Dem",
      "playlist_id": "9ad244c2-9751-4dc6-88be-04f957c83417",
      "created": false,
      "local_tracks": 4,
      "added": 0,
      "result": {
        "skipped": "no_new_clips"
      }
    },
    {
      "name": "Pop Vol.1 - Neon Va Hoa Sua",
      "playlist_id": "245ed8d1-04a3-4e85-a55b-33c5785bd99d",
      "created": false,
      "local_tracks": 8,
      "added": 0,
      "result": {
        "skipped": "no_new_clips"
      }
    },
    {
      "name": "Rap Vol.1 - Thanh Pho Noi Tam",
      "playlist_id": "87bfa781-b994-46ff-84f9-be925785f173",
      "created": false,
      "local_tracks": 8,
      "added": 0,
      "result": {
        "skipped": "no_new_clips"
      }
    },
    {
      "name": "Relax Sleep Vol.1 - Dem Mem",
      "playlist_id": "12b5c813-7995-4216-9b13-079ed02b7806",
      "created": false,
      "local_tracks": 8,
      "added": 0,
      "result": {
        "skipped": "no_new_clips"
      }
    },
    {
      "name": "Remix Cover Vol.1 - Bong Cu Guong Moi",
      "playlist_id": "5babcd22-b812-4ad4-9049-51e01e1e1fd6",
      "created": false,
      "local_tracks": 2,
      "added": 0,
      "result": {
        "skipped": "no_new_clips"
      }
    },
    {
      "name": "Restaurant Jazz Instrument Vol.1 - Lounge Dinner",
      "playlist_id": "12477439-6d46-499c-8c6d-629750443371",
      "created": false,
      "local_tracks": 0,
      "added": 0,
      "result": {
        "skipped": "no_new_clips"
      }
    },
    {
      "name": "Rock Vol.1 - Lua Trong Da",
      "playlist_id": "81e6a1d9-aa45-4671-9174-4988eb989597",
      "created": false,
      "local_tracks": 6,
      "added": 0,
      "result": {
        "skipped": "no_new_clips"
      }
    },
    {
      "name": "Thien Vol.1 - Hoi Tho Sen Trang",
      "playlist_id": "0f2bd0fe-6bec-4913-8fc5-23696401d799",
      "created": false,
      "local_tracks": 8,
      "added": 0,
      "result": {
        "skipped": "no_new_clips"
      }
    },
    {
      "name": "Thieu Nhi Vol.1 - Vuon Nhac Tuoi Tho",
      "playlist_id": "974e14cb-125f-4191-8916-b31167d855bf",
      "created": false,
      "local_tracks": 6,
      "added": 0,
      "result": {
        "skipped": "no_new_clips"
      }
    }
  ]
}
[remaining 8] 50 tracks
[run 9] 2026-07-01T13:24:51+02:00
